Command line invocation:
    /Applications/Xcode.app/Contents/Developer/usr/bin/xcodebuild -project ProgressPic.xcodeproj -scheme ProgressPic -sdk iphonesimulator -destination "platform=iOS Simulator,name=iPhone 16" build

Build settings from command line:
    SDKROOT = iphonesimulator26.0

2025-10-05 19:19:11.745 xcodebuild[88704:4530949] [MT] IDERunDestination: Supported platforms for the buildables in the current scheme is empty.
2025-10-05 19:20:11.907 xcodebuild[88704:4530949] Writing error result bundle to /var/folders/_0/gwxmz_c13xs2xmxlvf28xfxw0000gn/T/ResultBundle_2025-05-10_19-20-0011.xcresult
xcodebuild: error: Unable to find a device matching the provided destination specifier:
		{ platform:iOS Simulator, OS:latest, name:iPhone 16 }

	The requested device could not be found because no available devices matched the request.

	Available destinations for the "ProgressPic" scheme:
		{ platform:macOS, arch:arm64, variant:Designed for [iPad,iPhone], id:00006000-000C49863432801E, name:My Mac }
		{ platform:iOS, arch:arm64, id:00008150-00127D6611FB801C, name:Edgar iPhone }
		{ platform:iOS, arch:arm64, id:00008120-001228A42184201E, name:Edgar iPhone 2 }
		{ platform:iOS, arch:arm64, id:00008103-000E58911EE3401E, name:iPad Pro }
		{ platform:iOS, id:dvtdevice-DVTiPhonePlaceholder-iphoneos:placeholder, name:Any iOS Device }
		{ platform:iOS Simulator, id:dvtdevice-DVTiOSDeviceSimulatorPlaceholder-iphonesimulator:placeholder, name:Any iOS Simulator Device }
		{ platform:iOS Simulator, arch:arm64, id:E94FB264-09E0-42CF-862D-9879829D189B, OS:18.6, name:iPad (A16) }
		{ platform:iOS Simulator, arch:x86_64, id:E94FB264-09E0-42CF-862D-9879829D189B, OS:18.6, name:iPad (A16) }
		{ platform:iOS Simulator, arch:arm64, id:F996DFC1-313A-44E7-B2FB-1D5E7472EB57, OS:26.0, name:iPad (A16) }
		{ platform:iOS Simulator, arch:arm64, id:45FD3376-C2E2-4729-A0CE-6512373A4DDB, OS:18.6, name:iPad Air 11-inch (M3) }
		{ platform:iOS Simulator, arch:x86_64, id:45FD3376-C2E2-4729-A0CE-6512373A4DDB, OS:18.6, name:iPad Air 11-inch (M3) }
		{ platform:iOS Simulator, arch:arm64, id:AD7CAB48-EC6B-43A9-8D06-BF8E96A37466, OS:26.0, name:iPad Air 11-inch (M3) }
		{ platform:iOS Simulator, arch:arm64, id:F6298251-B11E-49BE-A98D-51A1C6B58E41, OS:18.6, name:iPad Air 13-inch (M3) }
		{ platform:iOS Simulator, arch:x86_64, id:F6298251-B11E-49BE-A98D-51A1C6B58E41, OS:18.6, name:iPad Air 13-inch (M3) }
		{ platform:iOS Simulator, arch:arm64, id:F4A23438-410A-4CF5-A539-E5CC68B577C2, OS:26.0, name:iPad Air 13-inch (M3) }
		{ platform:iOS Simulator, arch:arm64, id:9DED2FCD-175D-4C6F-B6A9-AE16565D32E5, OS:18.6, name:iPad Pro 11-inch (M4) }
		{ platform:iOS Simulator, arch:x86_64, id:9DED2FCD-175D-4C6F-B6A9-AE16565D32E5, OS:18.6, name:iPad Pro 11-inch (M4) }
		{ platform:iOS Simulator, arch:arm64, id:D2C86D75-1EF2-41FF-AA85-154C526E5F20, OS:26.0, name:iPad Pro 11-inch (M4) }
		{ platform:iOS Simulator, arch:arm64, id:826B3050-E820-40A0-9BC3-989DB254E383, OS:18.6, name:iPad Pro 13-inch (M4) }
		{ platform:iOS Simulator, arch:x86_64, id:826B3050-E820-40A0-9BC3-989DB254E383, OS:18.6, name:iPad Pro 13-inch (M4) }
		{ platform:iOS Simulator, arch:arm64, id:9545EF45-24B9-40BE-94D3-9976E5EBF7A3, OS:26.0, name:iPad Pro 13-inch (M4) }
		{ platform:iOS Simulator, arch:arm64, id:786375A1-2CBC-469B-A3DA-9DCF1A932382, OS:18.6, name:iPad mini (A17 Pro) }
		{ platform:iOS Simulator, arch:x86_64, id:786375A1-2CBC-469B-A3DA-9DCF1A932382, OS:18.6, name:iPad mini (A17 Pro) }
		{ platform:iOS Simulator, arch:arm64, id:929F0BD9-929B-444A-BD70-62551A127C88, OS:26.0, name:iPad mini (A17 Pro) }
		{ platform:iOS Simulator, arch:arm64, id:F6AB15B3-BB32-496D-B6DA-BE3A96FB4C3A, OS:18.6, name:iPhone 16 }
		{ platform:iOS Simulator, arch:x86_64, id:F6AB15B3-BB32-496D-B6DA-BE3A96FB4C3A, OS:18.6, name:iPhone 16 }
		{ platform:iOS Simulator, arch:arm64, id:F8762F51-EA0A-450F-8B29-25B9645F3393, OS:18.6, name:iPhone 16 Plus }
		{ platform:iOS Simulator, arch:x86_64, id:F8762F51-EA0A-450F-8B29-25B9645F3393, OS:18.6, name:iPhone 16 Plus }
		{ platform:iOS Simulator, arch:arm64, id:77DB36DF-05DA-46F3-ADA2-3E1FAD1459A4, OS:18.6, name:iPhone 16 Pro }
		{ platform:iOS Simulator, arch:x86_64, id:77DB36DF-05DA-46F3-ADA2-3E1FAD1459A4, OS:18.6, name:iPhone 16 Pro }
		{ platform:iOS Simulator, arch:arm64, id:83101A25-78B5-4EEA-8E3A-8CC6E3951C0E, OS:18.6, name:iPhone 16 Pro Max }
		{ platform:iOS Simulator, arch:x86_64, id:83101A25-78B5-4EEA-8E3A-8CC6E3951C0E, OS:18.6, name:iPhone 16 Pro Max }
		{ platform:iOS Simulator, arch:arm64, id:3B49DF07-C4C4-480A-840C-E17F9F8B3A44, OS:18.6, name:iPhone 16e }
		{ platform:iOS Simulator, arch:x86_64, id:3B49DF07-C4C4-480A-840C-E17F9F8B3A44, OS:18.6, name:iPhone 16e }
		{ platform:iOS Simulator, arch:arm64, id:54BC81FE-54FB-4C73-875C-378FC3C6610B, OS:26.0, name:iPhone 16e }
		{ platform:iOS Simulator, arch:arm64, id:77BBEF27-E08C-403A-B0E0-261A228E8139, OS:26.0, name:iPhone 17 }
		{ platform:iOS Simulator, arch:arm64, id:7855E8C3-10C1-4E62-9515-065B945F7B65, OS:26.0, name:iPhone 17 Pro }
		{ platform:iOS Simulator, arch:arm64, id:E6980933-7C93-4309-A777-C395875A5401, OS:26.0, name:iPhone 17 Pro Max }
		{ platform:iOS Simulator, arch:arm64, id:8702E559-DA09-428F-838E-FFF827F16D6A, OS:26.0, name:iPhone Air }
